[2022-12-19T16:36:30.826Z] Validating found git in: git
[2022-12-19T16:36:30.873Z] Using git 2.25.1 from git
[2022-12-19T16:36:31.017Z] > git rev-parse --show-toplevel [102ms]
[2022-12-19T16:36:31.055Z] > git rev-parse --git-dir --git-common-dir [16ms]
[2022-12-19T16:36:31.080Z] Open repository: /home/ubuntu
[2022-12-19T16:36:31.495Z] > git status -z -uall [391ms]
[2022-12-19T16:36:31.517Z] > git symbolic-ref --short HEAD [14ms]
[2022-12-19T16:36:31.533Z] > git for-each-ref --format=%(refname)%00%(upstream:short)%00%(objectname)%00%(upstream:track)%00%(upstream:remotename)%00%(upstream:remoteref) refs/heads/master refs/remotes/master [6ms]
[2022-12-19T16:36:31.549Z] > git for-each-ref --sort -committerdate --format %(refname) %(objectname) %(*objectname) [9ms]
[2022-12-19T16:36:31.554Z] > git remote --verbose [7ms]
[2022-12-19T16:36:31.573Z] > git config --get commit.template [3ms]
[2022-12-19T16:36:37.792Z] > git check-ignore -v -z --stdin [82ms]
[2022-12-19T16:36:40.000Z] > git show --textconv :odoo/odoo-server/odoo-bin [23ms]
[2022-12-19T16:36:40.046Z] > git ls-files --stage -- odoo/odoo-server/ [31ms]
[2022-12-19T16:36:43.713Z] > git status -z -uall [335ms]
[2022-12-19T16:36:43.728Z] > git symbolic-ref --short HEAD [5ms]
[2022-12-19T16:36:43.739Z] > git for-each-ref --format=%(refname)%00%(upstream:short)%00%(objectname)%00%(upstream:track)%00%(upstream:remotename)%00%(upstream:remoteref) refs/heads/master refs/remotes/master [5ms]
[2022-12-19T16:36:43.755Z] > git for-each-ref --sort -committerdate --format %(refname) %(objectname) %(*objectname) [9ms]
[2022-12-19T16:36:43.759Z] > git remote --verbose [5ms]
[2022-12-19T16:36:43.774Z] > git config --get commit.template [4ms]
[2022-12-19T16:36:44.871Z] > git show --textconv :odoo/odoo-server/odoo-bin [22ms]
[2022-12-19T16:36:44.900Z] > git ls-files --stage -- odoo/odoo-server/ [22ms]
[2022-12-19T16:36:45.061Z] > git check-ignore -v -z --stdin [66ms]
[2022-12-19T16:36:58.098Z] > git status -z -uall [184ms]
[2022-12-19T16:36:58.105Z] > git symbolic-ref --short HEAD [2ms]
[2022-12-19T16:36:58.111Z] > git for-each-ref --format=%(refname)%00%(upstream:short)%00%(objectname)%00%(upstream:track)%00%(upstream:remotename)%00%(upstream:remoteref) refs/heads/master refs/remotes/master [2ms]
[2022-12-19T16:36:58.120Z] > git for-each-ref --sort -committerdate --format %(refname) %(objectname) %(*objectname) [5ms]
[2022-12-19T16:36:58.122Z] > git remote --verbose [3ms]
[2022-12-19T16:36:58.132Z] > git config --get commit.template [2ms]
[2022-12-19T16:36:58.626Z] > git show --textconv :odoo/odoo-server/odoo-bin [10ms]
[2022-12-19T16:36:58.638Z] > git ls-files --stage -- odoo/odoo-server/ [8ms]
[2022-12-19T16:36:58.729Z] > git check-ignore -v -z --stdin [24ms]
[2022-12-19T16:37:32.919Z] > git show --textconv :Daily Code Report.txt [10ms]
[2022-12-19T16:37:42.444Z] > git status -z -uall [177ms]
[2022-12-19T16:37:42.458Z] > git symbolic-ref --short HEAD [9ms]
[2022-12-19T16:37:42.468Z] > git for-each-ref --format=%(refname)%00%(upstream:short)%00%(objectname)%00%(upstream:track)%00%(upstream:remotename)%00%(upstream:remoteref) refs/heads/master refs/remotes/master [2ms]
[2022-12-19T16:37:42.479Z] > git for-each-ref --sort -committerdate --format %(refname) %(objectname) %(*objectname) [5ms]
[2022-12-19T16:37:42.481Z] > git remote --verbose [3ms]
[2022-12-19T16:37:42.488Z] > git config --get commit.template [2ms]
[2022-12-19T16:37:42.979Z] > git show --textconv :Daily Code Report.txt [10ms]
[2022-12-19T16:37:43.093Z] > git check-ignore -v -z --stdin [25ms]
