[2022-09-17T07:25:14.750Z] Validating found git in: git
[2022-09-17T07:25:14.790Z] Using git 2.25.1 from git
[2022-09-17T07:25:14.841Z] > git rev-parse --show-toplevel [19ms]
[2022-09-17T07:25:14.841Z] fatal: not a git repository (or any of the parent directories): .git
[2022-09-17T07:25:14.868Z] > git rev-parse --show-toplevel [6ms]
[2022-09-17T07:25:14.879Z] > git rev-parse --git-dir --git-common-dir [4ms]
[2022-09-17T07:25:14.908Z] Open repository: /home/ubuntu/.nvm
[2022-09-17T07:25:14.948Z] > git rev-parse --show-toplevel [6ms]
[2022-09-17T07:25:14.948Z] fatal: detected dubious ownership in repository at '/odoo/custom/Accounting'
To add an exception for this directory, call:

	git config --global --add safe.directory /odoo/custom/Accounting
[2022-09-17T07:25:14.960Z] > git rev-parse --show-toplevel [3ms]
[2022-09-17T07:25:14.960Z] fatal: detected dubious ownership in repository at '/odoo/custom/Accounting'
To add an exception for this directory, call:

	git config --global --add safe.directory /odoo/custom/Accounting
[2022-09-17T07:25:14.975Z] > git rev-parse --show-toplevel [4ms]
[2022-09-17T07:25:14.990Z] > git rev-parse --git-dir --git-common-dir [4ms]
[2022-09-17T07:25:14.993Z] Open repository: /home/ubuntu/InstallScript
[2022-09-17T07:25:15.040Z] > git status -z -uall [106ms]
[2022-09-17T07:25:15.053Z] > git status -z -uall [35ms]
[2022-09-17T07:25:15.066Z] > git symbolic-ref --short HEAD [3ms]
[2022-09-17T07:25:15.079Z] > git symbolic-ref --short HEAD [27ms]
[2022-09-17T07:25:15.079Z] fatal: ref HEAD is not a symbolic ref
[2022-09-17T07:25:15.086Z] > git rev-parse --show-toplevel [49ms]
[2022-09-17T07:25:15.086Z] fatal: detected dubious ownership in repository at '/odoo/custom/Accounting'
To add an exception for this directory, call:

	git config --global --add safe.directory /odoo/custom/Accounting
[2022-09-17T07:25:15.100Z] > git rev-parse HEAD [14ms]
[2022-09-17T07:25:15.135Z] > git for-each-ref --format=%(refname)%00%(upstream:short)%00%(objectname)%00%(upstream:track)%00%(upstream:remotename)%00%(upstream:remoteref) refs/heads/15.0 refs/remotes/15.0 [57ms]
[2022-09-17T07:25:15.154Z] > git for-each-ref --sort -committerdate --format %(refname) %(objectname) %(*objectname) [10ms]
[2022-09-17T07:25:15.155Z] > git remote --verbose [23ms]
[2022-09-17T07:25:15.155Z] > git for-each-ref --sort -committerdate --format %(refname) %(objectname) %(*objectname) [35ms]
[2022-09-17T07:25:15.171Z] > git rev-parse --show-toplevel [72ms]
[2022-09-17T07:25:15.171Z] fatal: detected dubious ownership in repository at '/odoo/custom/Accounting'
To add an exception for this directory, call:

	git config --global --add safe.directory /odoo/custom/Accounting
[2022-09-17T07:25:15.202Z] > git remote --verbose [50ms]
[2022-09-17T07:25:15.224Z] > git config --get commit.template [23ms]
[2022-09-17T07:25:15.226Z] > git rev-parse --show-toplevel [35ms]
[2022-09-17T07:25:15.226Z] fatal: detected dubious ownership in repository at '/odoo/custom/Accounting'
To add an exception for this directory, call:

	git config --global --add safe.directory /odoo/custom/Accounting
[2022-09-17T07:25:15.236Z] > git config --get commit.template [13ms]
[2022-09-17T07:25:15.241Z] > git rev-parse --show-toplevel [6ms]
[2022-09-17T07:25:15.241Z] fatal: detected dubious ownership in repository at '/odoo/custom/Accounting'
To add an exception for this directory, call:

	git config --global --add safe.directory /odoo/custom/Accounting
[2022-09-17T07:25:15.252Z] > git rev-parse --show-toplevel [4ms]
[2022-09-17T07:25:15.252Z] fatal: detected dubious ownership in repository at '/odoo/custom/Accounting'
To add an exception for this directory, call:

	git config --global --add safe.directory /odoo/custom/Accounting
[2022-09-17T07:25:15.263Z] > git rev-parse --show-toplevel [4ms]
[2022-09-17T07:25:15.263Z] fatal: detected dubious ownership in repository at '/odoo/custom/Accounting'
To add an exception for this directory, call:

	git config --global --add safe.directory /odoo/custom/Accounting
[2022-09-17T07:25:15.274Z] > git rev-parse --show-toplevel [4ms]
[2022-09-17T07:25:15.274Z] fatal: not a git repository (or any of the parent directories): .git
[2022-09-17T07:25:15.294Z] > git rev-parse --show-toplevel [11ms]
[2022-09-17T07:25:15.294Z] fatal: not a git repository (or any of the parent directories): .git
[2022-09-17T07:25:15.319Z] > git rev-parse --show-toplevel [13ms]
[2022-09-17T07:25:15.319Z] fatal: not a git repository (or any of the parent directories): .git
[2022-09-17T07:25:15.337Z] > git rev-parse --show-toplevel [9ms]
[2022-09-17T07:25:15.337Z] fatal: not a git repository (or any of the parent directories): .git
[2022-09-17T07:25:15.349Z] > git rev-parse --show-toplevel [5ms]
[2022-09-17T07:25:15.349Z] fatal: not a git repository (or any of the parent directories): .git
[2022-09-17T07:25:15.361Z] > git rev-parse --show-toplevel [5ms]
[2022-09-17T07:25:15.361Z] fatal: not a git repository (or any of the parent directories): .git
[2022-09-17T07:25:15.372Z] > git rev-parse --show-toplevel [5ms]
[2022-09-17T07:25:15.372Z] fatal: not a git repository (or any of the parent directories): .git
[2022-09-17T07:25:15.383Z] > git rev-parse --show-toplevel [5ms]
[2022-09-17T07:25:15.383Z] fatal: detected dubious ownership in repository at '/odoo/custom/Accounting'
To add an exception for this directory, call:

	git config --global --add safe.directory /odoo/custom/Accounting
[2022-09-17T07:25:15.394Z] > git rev-parse --show-toplevel [4ms]
[2022-09-17T07:25:15.394Z] fatal: detected dubious ownership in repository at '/odoo/custom/Accounting'
To add an exception for this directory, call:

	git config --global --add safe.directory /odoo/custom/Accounting
[2022-09-17T07:25:15.405Z] > git rev-parse --show-toplevel [3ms]
[2022-09-17T07:25:15.405Z] fatal: detected dubious ownership in repository at '/odoo/custom/Accounting'
To add an exception for this directory, call:

	git config --global --add safe.directory /odoo/custom/Accounting
[2022-09-17T07:25:15.416Z] > git rev-parse --show-toplevel [5ms]
[2022-09-17T07:25:15.416Z] fatal: detected dubious ownership in repository at '/odoo/custom/Accounting'
To add an exception for this directory, call:

	git config --global --add safe.directory /odoo/custom/Accounting
[2022-09-17T07:25:15.437Z] > git rev-parse --show-toplevel [15ms]
[2022-09-17T07:25:15.437Z] fatal: detected dubious ownership in repository at '/odoo/custom/Accounting'
To add an exception for this directory, call:

	git config --global --add safe.directory /odoo/custom/Accounting
[2022-09-17T07:25:15.454Z] > git rev-parse --show-toplevel [6ms]
[2022-09-17T07:25:15.454Z] fatal: detected dubious ownership in repository at '/odoo/custom/Accounting'
To add an exception for this directory, call:

	git config --global --add safe.directory /odoo/custom/Accounting
[2022-09-17T07:25:15.466Z] > git rev-parse --show-toplevel [4ms]
[2022-09-17T07:25:15.466Z] fatal: detected dubious ownership in repository at '/odoo/custom/Accounting'
To add an exception for this directory, call:

	git config --global --add safe.directory /odoo/custom/Accounting
[2022-09-17T07:25:15.477Z] > git rev-parse --show-toplevel [5ms]
[2022-09-17T07:25:15.477Z] fatal: detected dubious ownership in repository at '/odoo/custom/Accounting'
To add an exception for this directory, call:

	git config --global --add safe.directory /odoo/custom/Accounting
[2022-09-17T07:25:15.489Z] > git rev-parse --show-toplevel [5ms]
[2022-09-17T07:25:15.489Z] fatal: detected dubious ownership in repository at '/odoo/custom/Accounting'
To add an exception for this directory, call:

	git config --global --add safe.directory /odoo/custom/Accounting
[2022-09-17T07:25:15.501Z] > git rev-parse --show-toplevel [6ms]
[2022-09-17T07:25:15.501Z] fatal: detected dubious ownership in repository at '/odoo/custom/Accounting'
To add an exception for this directory, call:

	git config --global --add safe.directory /odoo/custom/Accounting
[2022-09-17T07:25:15.514Z] > git rev-parse --show-toplevel [6ms]
[2022-09-17T07:25:15.514Z] fatal: detected dubious ownership in repository at '/odoo/custom/Accounting'
To add an exception for this directory, call:

	git config --global --add safe.directory /odoo/custom/Accounting
[2022-09-17T07:25:15.528Z] > git rev-parse --show-toplevel [4ms]
[2022-09-17T07:25:15.528Z] fatal: detected dubious ownership in repository at '/odoo/custom/Accounting'
To add an exception for this directory, call:

	git config --global --add safe.directory /odoo/custom/Accounting
[2022-09-17T07:25:15.540Z] > git rev-parse --show-toplevel [6ms]
[2022-09-17T07:25:15.540Z] fatal: detected dubious ownership in repository at '/odoo/custom/Accounting'
To add an exception for this directory, call:

	git config --global --add safe.directory /odoo/custom/Accounting
[2022-09-17T07:25:15.551Z] > git rev-parse --show-toplevel [5ms]
[2022-09-17T07:25:15.551Z] fatal: detected dubious ownership in repository at '/odoo/custom/Accounting'
To add an exception for this directory, call:

	git config --global --add safe.directory /odoo/custom/Accounting
[2022-09-17T07:25:15.570Z] > git rev-parse --show-toplevel [12ms]
[2022-09-17T07:25:15.570Z] fatal: detected dubious ownership in repository at '/odoo/custom/Accounting'
To add an exception for this directory, call:

	git config --global --add safe.directory /odoo/custom/Accounting
[2022-09-17T07:25:15.584Z] > git rev-parse --show-toplevel [5ms]
[2022-09-17T07:25:15.584Z] fatal: detected dubious ownership in repository at '/odoo/custom/Accounting'
To add an exception for this directory, call:

	git config --global --add safe.directory /odoo/custom/Accounting
[2022-09-17T07:25:15.597Z] > git rev-parse --show-toplevel [5ms]
[2022-09-17T07:25:15.597Z] fatal: detected dubious ownership in repository at '/odoo/custom/Accounting'
To add an exception for this directory, call:

	git config --global --add safe.directory /odoo/custom/Accounting
[2022-09-17T07:25:15.610Z] > git rev-parse --show-toplevel [7ms]
[2022-09-17T07:25:15.610Z] fatal: detected dubious ownership in repository at '/odoo/custom/Accounting'
To add an exception for this directory, call:

	git config --global --add safe.directory /odoo/custom/Accounting
[2022-09-17T07:25:15.623Z] > git rev-parse --show-toplevel [5ms]
[2022-09-17T07:25:15.623Z] fatal: detected dubious ownership in repository at '/odoo/custom/Accounting'
To add an exception for this directory, call:

	git config --global --add safe.directory /odoo/custom/Accounting
[2022-09-17T07:25:15.635Z] > git rev-parse --show-toplevel [5ms]
[2022-09-17T07:25:15.635Z] fatal: detected dubious ownership in repository at '/odoo/custom/Accounting'
To add an exception for this directory, call:

	git config --global --add safe.directory /odoo/custom/Accounting
[2022-09-17T07:25:15.648Z] > git rev-parse --show-toplevel [6ms]
[2022-09-17T07:25:15.648Z] fatal: detected dubious ownership in repository at '/odoo/custom/Accounting'
To add an exception for this directory, call:

	git config --global --add safe.directory /odoo/custom/Accounting
[2022-09-17T07:25:15.661Z] > git rev-parse --show-toplevel [6ms]
[2022-09-17T07:25:15.661Z] fatal: detected dubious ownership in repository at '/odoo/custom/Accounting'
To add an exception for this directory, call:

	git config --global --add safe.directory /odoo/custom/Accounting
[2022-09-17T07:25:15.672Z] > git rev-parse --show-toplevel [5ms]
[2022-09-17T07:25:15.672Z] fatal: detected dubious ownership in repository at '/odoo/custom/Accounting'
To add an exception for this directory, call:

	git config --global --add safe.directory /odoo/custom/Accounting
[2022-09-17T07:25:15.683Z] > git rev-parse --show-toplevel [5ms]
[2022-09-17T07:25:15.683Z] fatal: detected dubious ownership in repository at '/odoo/custom/Accounting'
To add an exception for this directory, call:

	git config --global --add safe.directory /odoo/custom/Accounting
[2022-09-17T07:25:15.695Z] > git rev-parse --show-toplevel [5ms]
[2022-09-17T07:25:15.695Z] fatal: detected dubious ownership in repository at '/odoo/custom/Accounting'
To add an exception for this directory, call:

	git config --global --add safe.directory /odoo/custom/Accounting
[2022-09-17T07:25:15.728Z] > git rev-parse --show-toplevel [21ms]
[2022-09-17T07:25:15.728Z] fatal: detected dubious ownership in repository at '/odoo/custom/Accounting'
To add an exception for this directory, call:

	git config --global --add safe.directory /odoo/custom/Accounting
[2022-09-17T07:25:15.757Z] > git rev-parse --show-toplevel [4ms]
[2022-09-17T07:25:15.757Z] fatal: detected dubious ownership in repository at '/odoo/custom/Accounting'
To add an exception for this directory, call:

	git config --global --add safe.directory /odoo/custom/Accounting
[2022-09-17T07:25:15.771Z] > git rev-parse --show-toplevel [5ms]
[2022-09-17T07:25:15.771Z] fatal: detected dubious ownership in repository at '/odoo/custom/Accounting'
To add an exception for this directory, call:

	git config --global --add safe.directory /odoo/custom/Accounting
[2022-09-17T07:25:15.782Z] > git rev-parse --show-toplevel [4ms]
[2022-09-17T07:25:15.782Z] fatal: detected dubious ownership in repository at '/odoo/custom/Accounting'
To add an exception for this directory, call:

	git config --global --add safe.directory /odoo/custom/Accounting
[2022-09-17T07:25:15.809Z] > git rev-parse --show-toplevel [19ms]
[2022-09-17T07:25:15.809Z] fatal: detected dubious ownership in repository at '/odoo/custom/Accounting'
To add an exception for this directory, call:

	git config --global --add safe.directory /odoo/custom/Accounting
[2022-09-17T07:25:15.836Z] > git rev-parse --show-toplevel [6ms]
[2022-09-17T07:25:15.836Z] fatal: detected dubious ownership in repository at '/odoo/custom/Accounting'
To add an exception for this directory, call:

	git config --global --add safe.directory /odoo/custom/Accounting
[2022-09-17T07:25:15.848Z] > git rev-parse --show-toplevel [5ms]
[2022-09-17T07:25:15.848Z] fatal: detected dubious ownership in repository at '/odoo/custom/Accounting'
To add an exception for this directory, call:

	git config --global --add safe.directory /odoo/custom/Accounting
[2022-09-17T07:25:15.860Z] > git rev-parse --show-toplevel [5ms]
[2022-09-17T07:25:15.860Z] fatal: detected dubious ownership in repository at '/odoo/custom/Accounting'
To add an exception for this directory, call:

	git config --global --add safe.directory /odoo/custom/Accounting
[2022-09-17T07:25:15.873Z] > git rev-parse --show-toplevel [5ms]
[2022-09-17T07:25:15.873Z] fatal: detected dubious ownership in repository at '/odoo/custom/Accounting'
To add an exception for this directory, call:

	git config --global --add safe.directory /odoo/custom/Accounting
[2022-09-17T07:25:15.892Z] > git rev-parse --show-toplevel [12ms]
[2022-09-17T07:25:15.892Z] fatal: detected dubious ownership in repository at '/odoo/custom/Accounting'
To add an exception for this directory, call:

	git config --global --add safe.directory /odoo/custom/Accounting
[2022-09-17T07:25:15.953Z] > git rev-parse --show-toplevel [22ms]
[2022-09-17T07:25:15.953Z] fatal: detected dubious ownership in repository at '/odoo/custom/Accounting'
To add an exception for this directory, call:

	git config --global --add safe.directory /odoo/custom/Accounting
[2022-09-17T07:25:15.983Z] > git rev-parse --show-toplevel [19ms]
[2022-09-17T07:25:15.983Z] fatal: detected dubious ownership in repository at '/odoo/custom/Accounting'
To add an exception for this directory, call:

	git config --global --add safe.directory /odoo/custom/Accounting
[2022-09-17T07:25:16.008Z] > git rev-parse --show-toplevel [18ms]
[2022-09-17T07:25:16.008Z] fatal: detected dubious ownership in repository at '/odoo/custom/Accounting'
To add an exception for this directory, call:

	git config --global --add safe.directory /odoo/custom/Accounting
[2022-09-17T07:25:16.043Z] > git rev-parse --show-toplevel [12ms]
[2022-09-17T07:25:16.043Z] fatal: detected dubious ownership in repository at '/odoo/custom/Accounting'
To add an exception for this directory, call:

	git config --global --add safe.directory /odoo/custom/Accounting
[2022-09-17T07:25:16.056Z] > git rev-parse --show-toplevel [5ms]
[2022-09-17T07:25:16.056Z] fatal: detected dubious ownership in repository at '/odoo/custom/Accounting'
To add an exception for this directory, call:

	git config --global --add safe.directory /odoo/custom/Accounting
[2022-09-17T07:25:16.068Z] > git rev-parse --show-toplevel [5ms]
[2022-09-17T07:25:16.068Z] fatal: detected dubious ownership in repository at '/odoo/custom/Accounting'
To add an exception for this directory, call:

	git config --global --add safe.directory /odoo/custom/Accounting
[2022-09-17T07:25:16.080Z] > git rev-parse --show-toplevel [5ms]
[2022-09-17T07:25:16.080Z] fatal: detected dubious ownership in repository at '/odoo/custom/Accounting'
To add an exception for this directory, call:

	git config --global --add safe.directory /odoo/custom/Accounting
[2022-09-17T07:25:16.093Z] > git rev-parse --show-toplevel [6ms]
[2022-09-17T07:25:16.093Z] fatal: detected dubious ownership in repository at '/odoo/custom/Accounting'
To add an exception for this directory, call:

	git config --global --add safe.directory /odoo/custom/Accounting
[2022-09-17T07:25:16.104Z] > git rev-parse --show-toplevel [5ms]
[2022-09-17T07:25:16.104Z] fatal: detected dubious ownership in repository at '/odoo/custom/Accounting'
To add an exception for this directory, call:

	git config --global --add safe.directory /odoo/custom/Accounting
[2022-09-17T07:25:16.116Z] > git rev-parse --show-toplevel [5ms]
[2022-09-17T07:25:16.117Z] fatal: detected dubious ownership in repository at '/odoo/custom/Accounting'
To add an exception for this directory, call:

	git config --global --add safe.directory /odoo/custom/Accounting
[2022-09-17T07:25:16.129Z] > git rev-parse --show-toplevel [5ms]
[2022-09-17T07:25:16.129Z] fatal: detected dubious ownership in repository at '/odoo/custom/Accounting'
To add an exception for this directory, call:

	git config --global --add safe.directory /odoo/custom/Accounting
[2022-09-17T07:25:16.141Z] > git rev-parse --show-toplevel [6ms]
[2022-09-17T07:25:16.141Z] fatal: detected dubious ownership in repository at '/odoo/custom/Accounting'
To add an exception for this directory, call:

	git config --global --add safe.directory /odoo/custom/Accounting
[2022-09-17T07:25:16.155Z] > git rev-parse --show-toplevel [4ms]
[2022-09-17T07:25:16.155Z] fatal: detected dubious ownership in repository at '/odoo/custom/Accounting'
To add an exception for this directory, call:

	git config --global --add safe.directory /odoo/custom/Accounting
[2022-09-17T07:25:16.175Z] > git rev-parse --show-toplevel [11ms]
[2022-09-17T07:25:16.175Z] fatal: detected dubious ownership in repository at '/odoo/custom/Accounting'
To add an exception for this directory, call:

	git config --global --add safe.directory /odoo/custom/Accounting
[2022-09-17T07:25:16.189Z] > git rev-parse --show-toplevel [6ms]
[2022-09-17T07:25:16.189Z] fatal: detected dubious ownership in repository at '/odoo/custom/Accounting'
To add an exception for this directory, call:

	git config --global --add safe.directory /odoo/custom/Accounting
[2022-09-17T07:25:16.202Z] > git rev-parse --show-toplevel [3ms]
[2022-09-17T07:25:16.202Z] fatal: detected dubious ownership in repository at '/odoo/custom/Accounting'
To add an exception for this directory, call:

	git config --global --add safe.directory /odoo/custom/Accounting
[2022-09-17T07:25:16.217Z] > git rev-parse --show-toplevel [6ms]
[2022-09-17T07:25:16.217Z] fatal: detected dubious ownership in repository at '/odoo/custom/Accounting'
To add an exception for this directory, call:

	git config --global --add safe.directory /odoo/custom/Accounting
[2022-09-17T07:25:16.228Z] > git rev-parse --show-toplevel [5ms]
[2022-09-17T07:25:16.228Z] fatal: detected dubious ownership in repository at '/odoo/custom/Accounting'
To add an exception for this directory, call:

	git config --global --add safe.directory /odoo/custom/Accounting
[2022-09-17T07:25:16.240Z] > git rev-parse --show-toplevel [5ms]
[2022-09-17T07:25:16.240Z] fatal: detected dubious ownership in repository at '/odoo/custom/Accounting'
To add an exception for this directory, call:

	git config --global --add safe.directory /odoo/custom/Accounting
[2022-09-17T07:25:16.251Z] > git rev-parse --show-toplevel [5ms]
[2022-09-17T07:25:16.251Z] fatal: detected dubious ownership in repository at '/odoo/custom/Accounting'
To add an exception for this directory, call:

	git config --global --add safe.directory /odoo/custom/Accounting
[2022-09-17T07:25:16.272Z] > git rev-parse --show-toplevel [12ms]
[2022-09-17T07:25:16.272Z] fatal: detected dubious ownership in repository at '/odoo/custom/Accounting'
To add an exception for this directory, call:

	git config --global --add safe.directory /odoo/custom/Accounting
[2022-09-17T07:25:16.285Z] > git rev-parse --show-toplevel [5ms]
[2022-09-17T07:25:16.285Z] fatal: detected dubious ownership in repository at '/odoo/custom/Accounting'
To add an exception for this directory, call:

	git config --global --add safe.directory /odoo/custom/Accounting
[2022-09-17T07:25:16.304Z] > git rev-parse --show-toplevel [10ms]
[2022-09-17T07:25:16.304Z] fatal: detected dubious ownership in repository at '/odoo/custom/Accounting'
To add an exception for this directory, call:

	git config --global --add safe.directory /odoo/custom/Accounting
[2022-09-17T07:25:16.317Z] > git rev-parse --show-toplevel [5ms]
[2022-09-17T07:25:16.317Z] fatal: detected dubious ownership in repository at '/odoo/custom/Accounting'
To add an exception for this directory, call:

	git config --global --add safe.directory /odoo/custom/Accounting
[2022-09-17T07:25:16.332Z] > git rev-parse --show-toplevel [6ms]
[2022-09-17T07:25:16.332Z] fatal: detected dubious ownership in repository at '/odoo/custom/Accounting'
To add an exception for this directory, call:

	git config --global --add safe.directory /odoo/custom/Accounting
[2022-09-17T07:25:16.344Z] > git rev-parse --show-toplevel [5ms]
[2022-09-17T07:25:16.344Z] fatal: detected dubious ownership in repository at '/odoo/custom/Accounting'
To add an exception for this directory, call:

	git config --global --add safe.directory /odoo/custom/Accounting
[2022-09-17T07:25:16.356Z] > git rev-parse --show-toplevel [5ms]
[2022-09-17T07:25:16.356Z] fatal: detected dubious ownership in repository at '/odoo/custom/Accounting'
To add an exception for this directory, call:

	git config --global --add safe.directory /odoo/custom/Accounting
[2022-09-17T07:25:16.368Z] > git rev-parse --show-toplevel [5ms]
[2022-09-17T07:25:16.368Z] fatal: detected dubious ownership in repository at '/odoo/custom/Accounting'
To add an exception for this directory, call:

	git config --global --add safe.directory /odoo/custom/Accounting
[2022-09-17T07:25:16.388Z] > git rev-parse --show-toplevel [4ms]
[2022-09-17T07:25:16.388Z] fatal: detected dubious ownership in repository at '/odoo/custom/Accounting'
To add an exception for this directory, call:

	git config --global --add safe.directory /odoo/custom/Accounting
[2022-09-17T07:25:16.401Z] > git rev-parse --show-toplevel [6ms]
[2022-09-17T07:25:16.401Z] fatal: detected dubious ownership in repository at '/odoo/custom/Accounting'
To add an exception for this directory, call:

	git config --global --add safe.directory /odoo/custom/Accounting
[2022-09-17T07:25:16.413Z] > git rev-parse --show-toplevel [5ms]
[2022-09-17T07:25:16.414Z] fatal: detected dubious ownership in repository at '/odoo/custom/Accounting'
To add an exception for this directory, call:

	git config --global --add safe.directory /odoo/custom/Accounting
[2022-09-17T07:25:16.425Z] > git rev-parse --show-toplevel [5ms]
[2022-09-17T07:25:16.425Z] fatal: detected dubious ownership in repository at '/odoo/custom/Accounting'
To add an exception for this directory, call:

	git config --global --add safe.directory /odoo/custom/Accounting
[2022-09-17T07:25:16.437Z] > git rev-parse --show-toplevel [5ms]
[2022-09-17T07:25:16.437Z] fatal: detected dubious ownership in repository at '/odoo/custom/Accounting'
To add an exception for this directory, call:

	git config --global --add safe.directory /odoo/custom/Accounting
[2022-09-17T07:25:16.449Z] > git rev-parse --show-toplevel [5ms]
[2022-09-17T07:25:16.449Z] fatal: detected dubious ownership in repository at '/odoo/custom/Accounting'
To add an exception for this directory, call:

	git config --global --add safe.directory /odoo/custom/Accounting
[2022-09-17T07:25:16.461Z] > git rev-parse --show-toplevel [5ms]
[2022-09-17T07:25:16.461Z] fatal: detected dubious ownership in repository at '/odoo/custom/Accounting'
To add an exception for this directory, call:

	git config --global --add safe.directory /odoo/custom/Accounting
[2022-09-17T07:25:16.473Z] > git rev-parse --show-toplevel [5ms]
[2022-09-17T07:25:16.473Z] fatal: detected dubious ownership in repository at '/odoo/custom/Accounting'
To add an exception for this directory, call:

	git config --global --add safe.directory /odoo/custom/Accounting
[2022-09-17T07:25:16.493Z] > git rev-parse --show-toplevel [6ms]
[2022-09-17T07:25:16.493Z] fatal: detected dubious ownership in repository at '/odoo/custom/Accounting'
To add an exception for this directory, call:

	git config --global --add safe.directory /odoo/custom/Accounting
[2022-09-17T07:25:16.506Z] > git rev-parse --show-toplevel [4ms]
[2022-09-17T07:25:16.506Z] fatal: detected dubious ownership in repository at '/odoo/custom/Accounting'
To add an exception for this directory, call:

	git config --global --add safe.directory /odoo/custom/Accounting
[2022-09-17T07:25:16.517Z] > git rev-parse --show-toplevel [3ms]
[2022-09-17T07:25:16.517Z] fatal: detected dubious ownership in repository at '/odoo/custom/Accounting'
To add an exception for this directory, call:

	git config --global --add safe.directory /odoo/custom/Accounting
[2022-09-17T07:25:16.530Z] > git rev-parse --show-toplevel [4ms]
[2022-09-17T07:25:16.530Z] fatal: detected dubious ownership in repository at '/odoo/custom/Accounting'
To add an exception for this directory, call:

	git config --global --add safe.directory /odoo/custom/Accounting
[2022-09-17T07:25:16.541Z] > git rev-parse --show-toplevel [5ms]
[2022-09-17T07:25:16.541Z] fatal: detected dubious ownership in repository at '/odoo/custom/Accounting'
To add an exception for this directory, call:

	git config --global --add safe.directory /odoo/custom/Accounting
[2022-09-17T07:25:16.554Z] > git rev-parse --show-toplevel [4ms]
[2022-09-17T07:25:16.554Z] fatal: detected dubious ownership in repository at '/odoo/custom/Accounting'
To add an exception for this directory, call:

	git config --global --add safe.directory /odoo/custom/Accounting
[2022-09-17T07:25:16.566Z] > git rev-parse --show-toplevel [4ms]
[2022-09-17T07:25:16.566Z] fatal: detected dubious ownership in repository at '/odoo/custom/Accounting'
To add an exception for this directory, call:

	git config --global --add safe.directory /odoo/custom/Accounting
[2022-09-17T07:25:16.584Z] > git rev-parse --show-toplevel [5ms]
[2022-09-17T07:25:16.584Z] fatal: detected dubious ownership in repository at '/odoo/custom/Accounting'
To add an exception for this directory, call:

	git config --global --add safe.directory /odoo/custom/Accounting
[2022-09-17T07:25:16.597Z] > git rev-parse --show-toplevel [5ms]
[2022-09-17T07:25:16.597Z] fatal: detected dubious ownership in repository at '/odoo/custom/Accounting'
To add an exception for this directory, call:

	git config --global --add safe.directory /odoo/custom/Accounting
[2022-09-17T07:25:24.633Z] > git check-ignore -v -z --stdin [5ms]
[2022-09-17T07:26:06.853Z] > git rev-parse --show-toplevel [4ms]
[2022-09-17T07:26:06.853Z] fatal: not a git repository (or any of the parent directories): .git
[2022-09-17T07:26:59.185Z] > git rev-parse --show-toplevel [3ms]
[2022-09-17T07:26:59.185Z] fatal: not a git repository (or any of the parent directories): .git
[2022-09-17T07:26:59.190Z] > git rev-parse --show-toplevel [2ms]
[2022-09-17T07:26:59.190Z] fatal: not a git repository (or any of the parent directories): .git
