[2022-08-20T03:15:53.898Z] Validating found git in: git
[2022-08-20T03:15:53.942Z] Using git 2.25.1 from git
[2022-08-20T03:15:53.999Z] > git rev-parse --show-toplevel [12ms]
[2022-08-20T03:15:53.999Z] fatal: not a git repository (or any of the parent directories): .git
[2022-08-20T03:15:54.025Z] > git rev-parse --show-toplevel [5ms]
[2022-08-20T03:15:54.036Z] > git rev-parse --git-dir --git-common-dir [5ms]
[2022-08-20T03:15:54.051Z] Open repository: /home/ubuntu/.nvm
[2022-08-20T03:15:54.087Z] > git rev-parse --show-toplevel [8ms]
[2022-08-20T03:15:54.087Z] fatal: detected dubious ownership in repository at '/odoo/custom/Accounting'
To add an exception for this directory, call:

	git config --global --add safe.directory /odoo/custom/Accounting
[2022-08-20T03:15:54.095Z] > git status -z -uall [24ms]
[2022-08-20T03:15:54.102Z] > git rev-parse --show-toplevel [7ms]
[2022-08-20T03:15:54.102Z] fatal: detected dubious ownership in repository at '/odoo/custom/Accounting'
To add an exception for this directory, call:

	git config --global --add safe.directory /odoo/custom/Accounting
[2022-08-20T03:15:54.112Z] > git symbolic-ref --short HEAD [10ms]
[2022-08-20T03:15:54.113Z] fatal: ref HEAD is not a symbolic ref
[2022-08-20T03:15:54.119Z] > git rev-parse --show-toplevel [7ms]
[2022-08-20T03:15:54.128Z] > git rev-parse HEAD [10ms]
[2022-08-20T03:15:54.153Z] > git for-each-ref --sort -committerdate --format %(refname) %(objectname) %(*objectname) [14ms]
[2022-08-20T03:15:54.162Z] > git rev-parse --git-dir --git-common-dir [34ms]
[2022-08-20T03:15:54.176Z] Open repository: /home/ubuntu/InstallScript
[2022-08-20T03:15:54.195Z] > git status -z -uall [7ms]
[2022-08-20T03:15:54.207Z] > git remote --verbose [56ms]
[2022-08-20T03:15:54.220Z] > git symbolic-ref --short HEAD [13ms]
[2022-08-20T03:15:54.229Z] > git rev-parse --show-toplevel [35ms]
[2022-08-20T03:15:54.229Z] fatal: detected dubious ownership in repository at '/odoo/custom/Accounting'
To add an exception for this directory, call:

	git config --global --add safe.directory /odoo/custom/Accounting
[2022-08-20T03:15:54.235Z] > git for-each-ref --format=%(refname)%00%(upstream:short)%00%(objectname)%00%(upstream:track)%00%(upstream:remotename)%00%(upstream:remoteref) refs/heads/15.0 refs/remotes/15.0 [6ms]
[2022-08-20T03:15:54.255Z] > git config --get commit.template [36ms]
[2022-08-20T03:15:54.256Z] > git for-each-ref --sort -committerdate --format %(refname) %(objectname) %(*objectname) [10ms]
[2022-08-20T03:15:54.257Z] > git rev-parse --show-toplevel [22ms]
[2022-08-20T03:15:54.257Z] fatal: detected dubious ownership in repository at '/odoo/custom/Accounting'
To add an exception for this directory, call:

	git config --global --add safe.directory /odoo/custom/Accounting
[2022-08-20T03:15:54.263Z] > git remote --verbose [9ms]
[2022-08-20T03:15:54.297Z] > git rev-parse --show-toplevel [35ms]
[2022-08-20T03:15:54.297Z] fatal: detected dubious ownership in repository at '/odoo/custom/Accounting'
To add an exception for this directory, call:

	git config --global --add safe.directory /odoo/custom/Accounting
[2022-08-20T03:15:54.305Z] > git rev-parse --show-toplevel [1ms]
[2022-08-20T03:15:54.305Z] fatal: detected dubious ownership in repository at '/odoo/custom/Accounting'
To add an exception for this directory, call:

	git config --global --add safe.directory /odoo/custom/Accounting
[2022-08-20T03:15:54.314Z] > git config --get commit.template [18ms]
[2022-08-20T03:15:54.315Z] > git rev-parse --show-toplevel [1ms]
[2022-08-20T03:15:54.315Z] fatal: detected dubious ownership in repository at '/odoo/custom/Accounting'
To add an exception for this directory, call:

	git config --global --add safe.directory /odoo/custom/Accounting
[2022-08-20T03:15:54.328Z] > git rev-parse --show-toplevel [5ms]
[2022-08-20T03:15:54.328Z] fatal: detected dubious ownership in repository at '/odoo/custom/Accounting'
To add an exception for this directory, call:

	git config --global --add safe.directory /odoo/custom/Accounting
[2022-08-20T03:15:54.338Z] > git rev-parse --show-toplevel [4ms]
[2022-08-20T03:15:54.338Z] fatal: not a git repository (or any of the parent directories): .git
[2022-08-20T03:15:54.349Z] > git rev-parse --show-toplevel [3ms]
[2022-08-20T03:15:54.349Z] fatal: not a git repository (or any of the parent directories): .git
[2022-08-20T03:15:54.359Z] > git rev-parse --show-toplevel [4ms]
[2022-08-20T03:15:54.359Z] fatal: not a git repository (or any of the parent directories): .git
[2022-08-20T03:15:54.369Z] > git rev-parse --show-toplevel [3ms]
[2022-08-20T03:15:54.369Z] fatal: not a git repository (or any of the parent directories): .git
[2022-08-20T03:15:54.379Z] > git rev-parse --show-toplevel [4ms]
[2022-08-20T03:15:54.379Z] fatal: not a git repository (or any of the parent directories): .git
[2022-08-20T03:15:54.390Z] > git rev-parse --show-toplevel [4ms]
[2022-08-20T03:15:54.390Z] fatal: not a git repository (or any of the parent directories): .git
[2022-08-20T03:15:54.405Z] > git rev-parse --show-toplevel [9ms]
[2022-08-20T03:15:54.405Z] fatal: not a git repository (or any of the parent directories): .git
[2022-08-20T03:15:54.415Z] > git rev-parse --show-toplevel [4ms]
[2022-08-20T03:15:54.415Z] fatal: not a git repository (or any of the parent directories): .git
[2022-08-20T03:15:54.426Z] > git rev-parse --show-toplevel [4ms]
[2022-08-20T03:15:54.426Z] fatal: not a git repository (or any of the parent directories): .git
[2022-08-20T03:15:54.436Z] > git rev-parse --show-toplevel [4ms]
[2022-08-20T03:15:54.436Z] fatal: detected dubious ownership in repository at '/odoo/custom/Accounting'
To add an exception for this directory, call:

	git config --global --add safe.directory /odoo/custom/Accounting
[2022-08-20T03:15:54.446Z] > git rev-parse --show-toplevel [4ms]
[2022-08-20T03:15:54.446Z] fatal: detected dubious ownership in repository at '/odoo/custom/Accounting'
To add an exception for this directory, call:

	git config --global --add safe.directory /odoo/custom/Accounting
[2022-08-20T03:15:54.456Z] > git rev-parse --show-toplevel [2ms]
[2022-08-20T03:15:54.456Z] fatal: detected dubious ownership in repository at '/odoo/custom/Accounting'
To add an exception for this directory, call:

	git config --global --add safe.directory /odoo/custom/Accounting
[2022-08-20T03:15:54.466Z] > git rev-parse --show-toplevel [4ms]
[2022-08-20T03:15:54.466Z] fatal: detected dubious ownership in repository at '/odoo/custom/Accounting'
To add an exception for this directory, call:

	git config --global --add safe.directory /odoo/custom/Accounting
[2022-08-20T03:15:54.476Z] > git rev-parse --show-toplevel [3ms]
[2022-08-20T03:15:54.476Z] fatal: detected dubious ownership in repository at '/odoo/custom/Accounting'
To add an exception for this directory, call:

	git config --global --add safe.directory /odoo/custom/Accounting
[2022-08-20T03:15:54.487Z] > git rev-parse --show-toplevel [5ms]
[2022-08-20T03:15:54.487Z] fatal: detected dubious ownership in repository at '/odoo/custom/Accounting'
To add an exception for this directory, call:

	git config --global --add safe.directory /odoo/custom/Accounting
[2022-08-20T03:15:54.503Z] > git rev-parse --show-toplevel [9ms]
[2022-08-20T03:15:54.503Z] fatal: detected dubious ownership in repository at '/odoo/custom/Accounting'
To add an exception for this directory, call:

	git config --global --add safe.directory /odoo/custom/Accounting
[2022-08-20T03:15:54.516Z] > git rev-parse --show-toplevel [6ms]
[2022-08-20T03:15:54.516Z] fatal: detected dubious ownership in repository at '/odoo/custom/Accounting'
To add an exception for this directory, call:

	git config --global --add safe.directory /odoo/custom/Accounting
[2022-08-20T03:15:54.533Z] > git rev-parse --show-toplevel [5ms]
[2022-08-20T03:15:54.533Z] fatal: detected dubious ownership in repository at '/odoo/custom/Accounting'
To add an exception for this directory, call:

	git config --global --add safe.directory /odoo/custom/Accounting
[2022-08-20T03:15:54.544Z] > git rev-parse --show-toplevel [5ms]
[2022-08-20T03:15:54.544Z] fatal: detected dubious ownership in repository at '/odoo/custom/Accounting'
To add an exception for this directory, call:

	git config --global --add safe.directory /odoo/custom/Accounting
[2022-08-20T03:15:54.556Z] > git rev-parse --show-toplevel [6ms]
[2022-08-20T03:15:54.556Z] fatal: detected dubious ownership in repository at '/odoo/custom/Accounting'
To add an exception for this directory, call:

	git config --global --add safe.directory /odoo/custom/Accounting
[2022-08-20T03:15:54.597Z] > git rev-parse --show-toplevel [35ms]
[2022-08-20T03:15:54.597Z] fatal: detected dubious ownership in repository at '/odoo/custom/Accounting'
To add an exception for this directory, call:

	git config --global --add safe.directory /odoo/custom/Accounting
[2022-08-20T03:15:54.628Z] > git rev-parse --show-toplevel [18ms]
[2022-08-20T03:15:54.628Z] fatal: detected dubious ownership in repository at '/odoo/custom/Accounting'
To add an exception for this directory, call:

	git config --global --add safe.directory /odoo/custom/Accounting
[2022-08-20T03:15:54.653Z] > git rev-parse --show-toplevel [15ms]
[2022-08-20T03:15:54.653Z] fatal: detected dubious ownership in repository at '/odoo/custom/Accounting'
To add an exception for this directory, call:

	git config --global --add safe.directory /odoo/custom/Accounting
[2022-08-20T03:15:54.697Z] > git rev-parse --show-toplevel [26ms]
[2022-08-20T03:15:54.697Z] fatal: detected dubious ownership in repository at '/odoo/custom/Accounting'
To add an exception for this directory, call:

	git config --global --add safe.directory /odoo/custom/Accounting
[2022-08-20T03:15:54.714Z] > git rev-parse --show-toplevel [1ms]
[2022-08-20T03:15:54.714Z] fatal: detected dubious ownership in repository at '/odoo/custom/Accounting'
To add an exception for this directory, call:

	git config --global --add safe.directory /odoo/custom/Accounting
[2022-08-20T03:15:54.724Z] > git rev-parse --show-toplevel [2ms]
[2022-08-20T03:15:54.724Z] fatal: detected dubious ownership in repository at '/odoo/custom/Accounting'
To add an exception for this directory, call:

	git config --global --add safe.directory /odoo/custom/Accounting
[2022-08-20T03:15:54.740Z] > git rev-parse --show-toplevel [5ms]
[2022-08-20T03:15:54.740Z] fatal: detected dubious ownership in repository at '/odoo/custom/Accounting'
To add an exception for this directory, call:

	git config --global --add safe.directory /odoo/custom/Accounting
[2022-08-20T03:15:54.750Z] > git rev-parse --show-toplevel [4ms]
[2022-08-20T03:15:54.750Z] fatal: detected dubious ownership in repository at '/odoo/custom/Accounting'
To add an exception for this directory, call:

	git config --global --add safe.directory /odoo/custom/Accounting
[2022-08-20T03:15:54.760Z] > git rev-parse --show-toplevel [4ms]
[2022-08-20T03:15:54.760Z] fatal: detected dubious ownership in repository at '/odoo/custom/Accounting'
To add an exception for this directory, call:

	git config --global --add safe.directory /odoo/custom/Accounting
[2022-08-20T03:15:54.770Z] > git rev-parse --show-toplevel [4ms]
[2022-08-20T03:15:54.770Z] fatal: detected dubious ownership in repository at '/odoo/custom/Accounting'
To add an exception for this directory, call:

	git config --global --add safe.directory /odoo/custom/Accounting
[2022-08-20T03:15:54.781Z] > git rev-parse --show-toplevel [3ms]
[2022-08-20T03:15:54.781Z] fatal: detected dubious ownership in repository at '/odoo/custom/Accounting'
To add an exception for this directory, call:

	git config --global --add safe.directory /odoo/custom/Accounting
[2022-08-20T03:15:54.792Z] > git rev-parse --show-toplevel [5ms]
[2022-08-20T03:15:54.792Z] fatal: detected dubious ownership in repository at '/odoo/custom/Accounting'
To add an exception for this directory, call:

	git config --global --add safe.directory /odoo/custom/Accounting
[2022-08-20T03:15:54.802Z] > git rev-parse --show-toplevel [4ms]
[2022-08-20T03:15:54.802Z] fatal: detected dubious ownership in repository at '/odoo/custom/Accounting'
To add an exception for this directory, call:

	git config --global --add safe.directory /odoo/custom/Accounting
[2022-08-20T03:15:54.816Z] > git rev-parse --show-toplevel [4ms]
[2022-08-20T03:15:54.816Z] fatal: detected dubious ownership in repository at '/odoo/custom/Accounting'
To add an exception for this directory, call:

	git config --global --add safe.directory /odoo/custom/Accounting
[2022-08-20T03:15:54.826Z] > git rev-parse --show-toplevel [4ms]
[2022-08-20T03:15:54.826Z] fatal: detected dubious ownership in repository at '/odoo/custom/Accounting'
To add an exception for this directory, call:

	git config --global --add safe.directory /odoo/custom/Accounting
[2022-08-20T03:15:54.836Z] > git rev-parse --show-toplevel [2ms]
[2022-08-20T03:15:54.836Z] fatal: detected dubious ownership in repository at '/odoo/custom/Accounting'
To add an exception for this directory, call:

	git config --global --add safe.directory /odoo/custom/Accounting
[2022-08-20T03:15:54.852Z] > git rev-parse --show-toplevel [5ms]
[2022-08-20T03:15:54.852Z] fatal: detected dubious ownership in repository at '/odoo/custom/Accounting'
To add an exception for this directory, call:

	git config --global --add safe.directory /odoo/custom/Accounting
[2022-08-20T03:15:54.863Z] > git rev-parse --show-toplevel [4ms]
[2022-08-20T03:15:54.863Z] fatal: detected dubious ownership in repository at '/odoo/custom/Accounting'
To add an exception for this directory, call:

	git config --global --add safe.directory /odoo/custom/Accounting
[2022-08-20T03:15:54.873Z] > git rev-parse --show-toplevel [2ms]
[2022-08-20T03:15:54.873Z] fatal: detected dubious ownership in repository at '/odoo/custom/Accounting'
To add an exception for this directory, call:

	git config --global --add safe.directory /odoo/custom/Accounting
[2022-08-20T03:15:54.883Z] > git rev-parse --show-toplevel [4ms]
[2022-08-20T03:15:54.883Z] fatal: detected dubious ownership in repository at '/odoo/custom/Accounting'
To add an exception for this directory, call:

	git config --global --add safe.directory /odoo/custom/Accounting
[2022-08-20T03:15:54.893Z] > git rev-parse --show-toplevel [3ms]
[2022-08-20T03:15:54.893Z] fatal: detected dubious ownership in repository at '/odoo/custom/Accounting'
To add an exception for this directory, call:

	git config --global --add safe.directory /odoo/custom/Accounting
[2022-08-20T03:15:54.903Z] > git rev-parse --show-toplevel [5ms]
[2022-08-20T03:15:54.903Z] fatal: detected dubious ownership in repository at '/odoo/custom/Accounting'
To add an exception for this directory, call:

	git config --global --add safe.directory /odoo/custom/Accounting
[2022-08-20T03:15:54.913Z] > git rev-parse --show-toplevel [3ms]
[2022-08-20T03:15:54.913Z] fatal: detected dubious ownership in repository at '/odoo/custom/Accounting'
To add an exception for this directory, call:

	git config --global --add safe.directory /odoo/custom/Accounting
[2022-08-20T03:15:54.923Z] > git rev-parse --show-toplevel [4ms]
[2022-08-20T03:15:54.923Z] fatal: detected dubious ownership in repository at '/odoo/custom/Accounting'
To add an exception for this directory, call:

	git config --global --add safe.directory /odoo/custom/Accounting
[2022-08-20T03:15:54.933Z] > git rev-parse --show-toplevel [4ms]
[2022-08-20T03:15:54.933Z] fatal: detected dubious ownership in repository at '/odoo/custom/Accounting'
To add an exception for this directory, call:

	git config --global --add safe.directory /odoo/custom/Accounting
[2022-08-20T03:15:54.944Z] > git rev-parse --show-toplevel [5ms]
[2022-08-20T03:15:54.944Z] fatal: detected dubious ownership in repository at '/odoo/custom/Accounting'
To add an exception for this directory, call:

	git config --global --add safe.directory /odoo/custom/Accounting
[2022-08-20T03:15:54.959Z] > git rev-parse --show-toplevel [4ms]
[2022-08-20T03:15:54.959Z] fatal: detected dubious ownership in repository at '/odoo/custom/Accounting'
To add an exception for this directory, call:

	git config --global --add safe.directory /odoo/custom/Accounting
[2022-08-20T03:15:54.973Z] > git rev-parse --show-toplevel [6ms]
[2022-08-20T03:15:54.973Z] fatal: detected dubious ownership in repository at '/odoo/custom/Accounting'
To add an exception for this directory, call:

	git config --global --add safe.directory /odoo/custom/Accounting
[2022-08-20T03:15:54.984Z] > git rev-parse --show-toplevel [4ms]
[2022-08-20T03:15:54.984Z] fatal: detected dubious ownership in repository at '/odoo/custom/Accounting'
To add an exception for this directory, call:

	git config --global --add safe.directory /odoo/custom/Accounting
[2022-08-20T03:15:54.995Z] > git rev-parse --show-toplevel [5ms]
[2022-08-20T03:15:54.995Z] fatal: detected dubious ownership in repository at '/odoo/custom/Accounting'
To add an exception for this directory, call:

	git config --global --add safe.directory /odoo/custom/Accounting
[2022-08-20T03:15:55.006Z] > git rev-parse --show-toplevel [4ms]
[2022-08-20T03:15:55.006Z] fatal: detected dubious ownership in repository at '/odoo/custom/Accounting'
To add an exception for this directory, call:

	git config --global --add safe.directory /odoo/custom/Accounting
[2022-08-20T03:15:55.017Z] > git rev-parse --show-toplevel [3ms]
[2022-08-20T03:15:55.017Z] fatal: detected dubious ownership in repository at '/odoo/custom/Accounting'
To add an exception for this directory, call:

	git config --global --add safe.directory /odoo/custom/Accounting
[2022-08-20T03:15:55.028Z] > git rev-parse --show-toplevel [4ms]
[2022-08-20T03:15:55.028Z] fatal: detected dubious ownership in repository at '/odoo/custom/Accounting'
To add an exception for this directory, call:

	git config --global --add safe.directory /odoo/custom/Accounting
[2022-08-20T03:15:55.039Z] > git rev-parse --show-toplevel [4ms]
[2022-08-20T03:15:55.039Z] fatal: detected dubious ownership in repository at '/odoo/custom/Accounting'
To add an exception for this directory, call:

	git config --global --add safe.directory /odoo/custom/Accounting
[2022-08-20T03:15:55.051Z] > git rev-parse --show-toplevel [5ms]
[2022-08-20T03:15:55.051Z] fatal: detected dubious ownership in repository at '/odoo/custom/Accounting'
To add an exception for this directory, call:

	git config --global --add safe.directory /odoo/custom/Accounting
[2022-08-20T03:15:55.068Z] > git rev-parse --show-toplevel [5ms]
[2022-08-20T03:15:55.068Z] fatal: detected dubious ownership in repository at '/odoo/custom/Accounting'
To add an exception for this directory, call:

	git config --global --add safe.directory /odoo/custom/Accounting
[2022-08-20T03:15:55.079Z] > git rev-parse --show-toplevel [4ms]
[2022-08-20T03:15:55.079Z] fatal: detected dubious ownership in repository at '/odoo/custom/Accounting'
To add an exception for this directory, call:

	git config --global --add safe.directory /odoo/custom/Accounting
[2022-08-20T03:15:55.090Z] > git rev-parse --show-toplevel [4ms]
[2022-08-20T03:15:55.090Z] fatal: detected dubious ownership in repository at '/odoo/custom/Accounting'
To add an exception for this directory, call:

	git config --global --add safe.directory /odoo/custom/Accounting
[2022-08-20T03:15:55.101Z] > git rev-parse --show-toplevel [3ms]
[2022-08-20T03:15:55.101Z] fatal: detected dubious ownership in repository at '/odoo/custom/Accounting'
To add an exception for this directory, call:

	git config --global --add safe.directory /odoo/custom/Accounting
[2022-08-20T03:15:55.112Z] > git rev-parse --show-toplevel [5ms]
[2022-08-20T03:15:55.112Z] fatal: detected dubious ownership in repository at '/odoo/custom/Accounting'
To add an exception for this directory, call:

	git config --global --add safe.directory /odoo/custom/Accounting
[2022-08-20T03:15:55.123Z] > git rev-parse --show-toplevel [5ms]
[2022-08-20T03:15:55.123Z] fatal: detected dubious ownership in repository at '/odoo/custom/Accounting'
To add an exception for this directory, call:

	git config --global --add safe.directory /odoo/custom/Accounting
[2022-08-20T03:15:55.135Z] > git rev-parse --show-toplevel [5ms]
[2022-08-20T03:15:55.135Z] fatal: detected dubious ownership in repository at '/odoo/custom/Accounting'
To add an exception for this directory, call:

	git config --global --add safe.directory /odoo/custom/Accounting
[2022-08-20T03:15:55.147Z] > git rev-parse --show-toplevel [4ms]
[2022-08-20T03:15:55.147Z] fatal: detected dubious ownership in repository at '/odoo/custom/Accounting'
To add an exception for this directory, call:

	git config --global --add safe.directory /odoo/custom/Accounting
[2022-08-20T03:15:55.159Z] > git rev-parse --show-toplevel [5ms]
[2022-08-20T03:15:55.159Z] fatal: detected dubious ownership in repository at '/odoo/custom/Accounting'
To add an exception for this directory, call:

	git config --global --add safe.directory /odoo/custom/Accounting
[2022-08-20T03:15:55.178Z] > git rev-parse --show-toplevel [6ms]
[2022-08-20T03:15:55.178Z] fatal: detected dubious ownership in repository at '/odoo/custom/Accounting'
To add an exception for this directory, call:

	git config --global --add safe.directory /odoo/custom/Accounting
[2022-08-20T03:15:55.190Z] > git rev-parse --show-toplevel [4ms]
[2022-08-20T03:15:55.190Z] fatal: detected dubious ownership in repository at '/odoo/custom/Accounting'
To add an exception for this directory, call:

	git config --global --add safe.directory /odoo/custom/Accounting
[2022-08-20T03:15:55.201Z] > git rev-parse --show-toplevel [3ms]
[2022-08-20T03:15:55.202Z] fatal: detected dubious ownership in repository at '/odoo/custom/Accounting'
To add an exception for this directory, call:

	git config --global --add safe.directory /odoo/custom/Accounting
[2022-08-20T03:15:55.212Z] > git rev-parse --show-toplevel [4ms]
[2022-08-20T03:15:55.212Z] fatal: detected dubious ownership in repository at '/odoo/custom/Accounting'
To add an exception for this directory, call:

	git config --global --add safe.directory /odoo/custom/Accounting
[2022-08-20T03:15:55.223Z] > git rev-parse --show-toplevel [4ms]
[2022-08-20T03:15:55.223Z] fatal: detected dubious ownership in repository at '/odoo/custom/Accounting'
To add an exception for this directory, call:

	git config --global --add safe.directory /odoo/custom/Accounting
[2022-08-20T03:15:55.234Z] > git rev-parse --show-toplevel [4ms]
[2022-08-20T03:15:55.234Z] fatal: detected dubious ownership in repository at '/odoo/custom/Accounting'
To add an exception for this directory, call:

	git config --global --add safe.directory /odoo/custom/Accounting
[2022-08-20T03:15:55.244Z] > git rev-parse --show-toplevel [4ms]
[2022-08-20T03:15:55.244Z] fatal: detected dubious ownership in repository at '/odoo/custom/Accounting'
To add an exception for this directory, call:

	git config --global --add safe.directory /odoo/custom/Accounting
[2022-08-20T03:15:55.255Z] > git rev-parse --show-toplevel [4ms]
[2022-08-20T03:15:55.255Z] fatal: detected dubious ownership in repository at '/odoo/custom/Accounting'
To add an exception for this directory, call:

	git config --global --add safe.directory /odoo/custom/Accounting
[2022-08-20T03:15:55.266Z] > git rev-parse --show-toplevel [4ms]
[2022-08-20T03:15:55.266Z] fatal: detected dubious ownership in repository at '/odoo/custom/Accounting'
To add an exception for this directory, call:

	git config --global --add safe.directory /odoo/custom/Accounting
[2022-08-20T03:15:55.282Z] > git rev-parse --show-toplevel [4ms]
[2022-08-20T03:15:55.282Z] fatal: detected dubious ownership in repository at '/odoo/custom/Accounting'
To add an exception for this directory, call:

	git config --global --add safe.directory /odoo/custom/Accounting
[2022-08-20T03:15:55.292Z] > git rev-parse --show-toplevel [2ms]
[2022-08-20T03:15:55.292Z] fatal: detected dubious ownership in repository at '/odoo/custom/Accounting'
To add an exception for this directory, call:

	git config --global --add safe.directory /odoo/custom/Accounting
[2022-08-20T03:15:55.303Z] > git rev-parse --show-toplevel [1ms]
[2022-08-20T03:15:55.303Z] fatal: detected dubious ownership in repository at '/odoo/custom/Accounting'
To add an exception for this directory, call:

	git config --global --add safe.directory /odoo/custom/Accounting
[2022-08-20T03:15:55.315Z] > git rev-parse --show-toplevel [5ms]
[2022-08-20T03:15:55.315Z] fatal: detected dubious ownership in repository at '/odoo/custom/Accounting'
To add an exception for this directory, call:

	git config --global --add safe.directory /odoo/custom/Accounting
[2022-08-20T03:15:55.325Z] > git rev-parse --show-toplevel [3ms]
[2022-08-20T03:15:55.325Z] fatal: detected dubious ownership in repository at '/odoo/custom/Accounting'
To add an exception for this directory, call:

	git config --global --add safe.directory /odoo/custom/Accounting
[2022-08-20T03:15:55.335Z] > git rev-parse --show-toplevel [3ms]
[2022-08-20T03:15:55.335Z] fatal: detected dubious ownership in repository at '/odoo/custom/Accounting'
To add an exception for this directory, call:

	git config --global --add safe.directory /odoo/custom/Accounting
[2022-08-20T03:15:55.346Z] > git rev-parse --show-toplevel [4ms]
[2022-08-20T03:15:55.346Z] fatal: detected dubious ownership in repository at '/odoo/custom/Accounting'
To add an exception for this directory, call:

	git config --global --add safe.directory /odoo/custom/Accounting
[2022-08-20T03:15:55.356Z] > git rev-parse --show-toplevel [4ms]
[2022-08-20T03:15:55.356Z] fatal: detected dubious ownership in repository at '/odoo/custom/Accounting'
To add an exception for this directory, call:

	git config --global --add safe.directory /odoo/custom/Accounting
[2022-08-20T03:15:55.367Z] > git rev-parse --show-toplevel [5ms]
[2022-08-20T03:15:55.367Z] fatal: detected dubious ownership in repository at '/odoo/custom/Accounting'
To add an exception for this directory, call:

	git config --global --add safe.directory /odoo/custom/Accounting
[2022-08-20T03:15:55.377Z] > git rev-parse --show-toplevel [3ms]
[2022-08-20T03:15:55.377Z] fatal: detected dubious ownership in repository at '/odoo/custom/Accounting'
To add an exception for this directory, call:

	git config --global --add safe.directory /odoo/custom/Accounting
[2022-08-20T03:15:55.388Z] > git rev-parse --show-toplevel [4ms]
[2022-08-20T03:15:55.388Z] fatal: detected dubious ownership in repository at '/odoo/custom/Accounting'
To add an exception for this directory, call:

	git config --global --add safe.directory /odoo/custom/Accounting
[2022-08-20T03:15:55.398Z] > git rev-parse --show-toplevel [4ms]
[2022-08-20T03:15:55.398Z] fatal: detected dubious ownership in repository at '/odoo/custom/Accounting'
To add an exception for this directory, call:

	git config --global --add safe.directory /odoo/custom/Accounting
[2022-08-20T03:15:55.408Z] > git rev-parse --show-toplevel [4ms]
[2022-08-20T03:15:55.408Z] fatal: detected dubious ownership in repository at '/odoo/custom/Accounting'
To add an exception for this directory, call:

	git config --global --add safe.directory /odoo/custom/Accounting
[2022-08-20T03:15:55.419Z] > git rev-parse --show-toplevel [5ms]
[2022-08-20T03:15:55.419Z] fatal: detected dubious ownership in repository at '/odoo/custom/Accounting'
To add an exception for this directory, call:

	git config --global --add safe.directory /odoo/custom/Accounting
[2022-08-20T03:15:55.434Z] > git rev-parse --show-toplevel [5ms]
[2022-08-20T03:15:55.434Z] fatal: detected dubious ownership in repository at '/odoo/custom/Accounting'
To add an exception for this directory, call:

	git config --global --add safe.directory /odoo/custom/Accounting
[2022-08-20T03:15:55.444Z] > git rev-parse --show-toplevel [4ms]
[2022-08-20T03:15:55.444Z] fatal: detected dubious ownership in repository at '/odoo/custom/Accounting'
To add an exception for this directory, call:

	git config --global --add safe.directory /odoo/custom/Accounting
[2022-08-20T03:16:01.172Z] > git check-ignore -v -z --stdin [7ms]
[2022-08-20T03:21:23.943Z] > git rev-parse --show-toplevel [1ms]
[2022-08-20T03:21:23.943Z] fatal: not a git repository (or any of the parent directories): .git
[2022-08-20T03:21:23.949Z] > git rev-parse --show-toplevel [2ms]
[2022-08-20T03:21:23.949Z] fatal: not a git repository (or any of the parent directories): .git
[2022-08-20T03:21:23.954Z] > git rev-parse --show-toplevel [2ms]
[2022-08-20T03:21:23.954Z] fatal: not a git repository (or any of the parent directories): .git
